<?xml version="1.0" encoding="UTF-8"?>
<!-- Generated by org.testng.reporters.JUnitReportReporter -->
<testsuite skipped="0" hostname="GauravSharma" name="testt.NewTest" tests="1" failures="0" timestamp="30 Jan 2018 10:09:43 GMT" time="0.015" errors="0">
  <testcase name="google" time="0.015" classname="testt.NewTest"/>
</testsuite> <!-- testt.NewTest -->
